
	            G L O B A L   R E F E R E N C E S

	             Name               Value        Type
	==============================|=======|===============
	SP_INICIAL                       FDFF         CONSTANT
	JANELA                           FFFE         CONSTANT
	JANELA_CTR                       FFFC         CONSTANT
	MASCARA                          8016         CONSTANT
	INT_MASK_ADDR                    FFFA         CONSTANT
	INT_MASK                         0400         CONSTANT
	INT_MASK2                        847E         CONSTANT
	DISPLAY                          FFF0         CONSTANT
	DISPLAY2                         FFF1         CONSTANT
	LCD                              FFF5         CONSTANT
	LCD_CONTROL                      FFF4         CONSTANT
	LCD_INI                          8001         CONSTANT
	LCD_CONTROLL                     8002         CONSTANT
	FIM_STR                          0040         CONSTANT
	TIME_CONT                        FFF6         CONSTANT
	TIME_CTRL                        FFF7         CONSTANT
	LEDS                             FFF8         CONSTANT
	INT1                             FE01         VARIABLE
	INT2                             FE02         VARIABLE
	INT3                             FE03         VARIABLE
	INT4                             FE04         VARIABLE
	INT5                             FE05         VARIABLE
	INT6                             FE06         VARIABLE
	OLA                              FE07            TABLE
	INTIA                            FE0A         VARIABLE
	OLA2                             FE0B            TABLE
	INTT                             FE0F         VARIABLE
	INICIAL                          8000            TABLE
	FINAL                            8001            TABLE
	SECRETO                          8002            TABLE
	Jogadas                          8003            TABLE
	LCD_Melhor                       8004            TABLE
	CURSOR                           8005            TABLE
	TICK                             8006            TABLE
	LEDSS                            8007            TABLE
	GAME_OVER                        8008            TABLE
	MENSAGEM                         8009           STRING
	MENSAGEM_F                       802B           STRING
	MENSAGEM_R                       8038           STRING
	INT_IA                           0014            LABEL
	Colunas                          0018            LABEL
	Linhas                           0025            LABEL
	Fim_IA                           0035            LABEL
	INT_TEMP                         0042            LABEL
	INT1F                            0059            LABEL
	INT2F                            0063            LABEL
	INT3F                            006D            LABEL
	INT4F                            0077            LABEL
	INT5F                            0081            LABEL
	INT6F                            008B            LABEL
	LCD1                             0095            LABEL
	LCD1_Aux                         00A1            LABEL
	LCD2_Aux                         00A7            LABEL
	PRE_IA                           00BA            LABEL
	Mensagem                         00BD            LABEL
	RReset                           00C8            LABEL
	Reset                            00C9            LABEL
	Jogo_Novo                        00CB            LABEL
	Inicio                           00DD            LABEL
	Tracos                           00E2            LABEL
	I_Temp                           00ED            LABEL
	Loop_User                        00FD            LABEL
	Times_Up                         0148            LABEL
	Mensagem_Fim                     014C            LABEL
	Mensagem_F                       015E            LABEL
	Mensagem_R                       0169            LABEL
	Mensagem_R_Aux                   016B            LABEL
	Mensagem_FimFim                  0176            LABEL
	Xis                              017C            LABEL
	Xis_Aux                          0181            LABEL
	Xis_Next                         0188            LABEL
	Xis_Final                        019A            LABEL
	Bola                             019E            LABEL
	Bola_Loop                        01A5            LABEL
	Bola_Aux                         01AE            LABEL
	Bola_Loop2                       01B8            LABEL
	Bola_Aux2                        01BF            LABEL
	Bola_Final                       01D1            LABEL
	Fim_Ciclo                        01D5            LABEL
	Loop_F                           01DD            LABEL
	Primeiro_F                       01E2            LABEL
	Res_X                            01EA            LABEL
	Res_O                            01F9            LABEL
	Res_Traco                        0208            LABEL
	Fim_F                            0217            LABEL
	Random                           0232            LABEL
	Bit0                             023A            LABEL
	Bit1                             023C            LABEL
	Final_R                          0240            LABEL
